<?xml version="1.0" encoding="UTF-8"?>
<!-- Generated by org.testng.reporters.JUnitReportReporter -->
<testsuite hostname="DESKTOP-4NR0UJO" name="bank.qa.testcases.BankHomePageTest" tests="1" failures="0" timestamp="20 Dec 2019 14:14:54 GMT" time="19.733" errors="0">
  <testcase name="verifyHomePageTitleTest" time="19.733" classname="bank.qa.testcases.BankHomePageTest"/>
</testsuite> <!-- bank.qa.testcases.BankHomePageTest -->
